<?xml version="1.0" encoding="UTF-8"?>
<!-- Generated by org.testng.reporters.JUnitReportReporter -->
<testsuite hostname="MAL-004523" failures="0" tests="2" name="MavenTutorial.NewTest" time="0.002" errors="0" timestamp="2020-12-09T11:27:56 CET" skipped="0">
  <testcase classname="MavenTutorial.NewTest" name="shouldAnswerWithTrue" time="0.001"/>
  <system-out/>
  <testcase classname="MavenTutorial.NewTest" name="printHello" time="0.001"/>
  <system-out/>
</testsuite> <!-- MavenTutorial.NewTest -->
