<?xml version="1.0" encoding="UTF-8"?>
<!-- Generated by org.testng.reporters.JUnitReportReporter -->
<testsuite hostname="MAL-004523" failures="0" tests="1" name="MavenTutorial.AppTest" time="0.014" errors="0" timestamp="2020-12-09T11:27:56 CET" skipped="0">
  <testcase classname="MavenTutorial.AppTest" name="shouldAnswerWithTrue" time="0.014"/>
  <system-out/>
</testsuite> <!-- MavenTutorial.AppTest -->
