<?xml version="1.0" encoding="UTF-8"?>
<!-- Generated by org.testng.reporters.JUnitReportReporter -->
<testsuite hostname="MAL-004523" failures="0" tests="1" name="MavenTutorial.NewTest" time="0.017" errors="0" timestamp="2020-12-17T19:36:33 CET" skipped="0">
  <testcase classname="MavenTutorial.NewTest" name="shouldAnswerWithTrue" time="0.017"/>
  <system-out/>
</testsuite> <!-- MavenTutorial.NewTest -->
