<?xml version="1.0" encoding="UTF-8"?>
<!-- Generated by org.testng.reporters.JUnitReportReporter -->
<testsuite hostname="MAL-004523" failures="0" tests="2" name="MavenTutorial.AppTest_2" time="0.001" errors="0" timestamp="2020-12-17T18:12:56 CET" skipped="0">
  <testcase classname="MavenTutorial.AppTest_2" name="printHello" time="0.001"/>
  <system-out/>
  <testcase classname="MavenTutorial.AppTest_2" name="shouldAnswerWithTrue" time="0.000"/>
  <system-out/>
</testsuite> <!-- MavenTutorial.AppTest_2 -->
